c:\users\jumin\desktop\directx\directx\debug\bullet.obj
c:\users\jumin\desktop\directx\directx\debug\d3d.obj
c:\users\jumin\desktop\directx\directx\debug\ebullet.obj
c:\users\jumin\desktop\directx\directx\debug\enemy.obj
c:\users\jumin\desktop\directx\directx\debug\game.obj
c:\users\jumin\desktop\directx\directx\debug\gameover.obj
c:\users\jumin\desktop\directx\directx\debug\hp.obj
c:\users\jumin\desktop\directx\directx\debug\inputmgr.obj
c:\users\jumin\desktop\directx\directx\debug\item.obj
c:\users\jumin\desktop\directx\directx\debug\main.obj
c:\users\jumin\desktop\directx\directx\debug\player.obj
c:\users\jumin\desktop\directx\directx\debug\sidebar.obj
c:\users\jumin\desktop\directx\directx\debug\title.obj
c:\users\jumin\desktop\directx\directx\debug\vc110.pdb
c:\users\jumin\desktop\directx\directx\debug\boss.obj
c:\users\jumin\desktop\directx\directx\debug\score.obj
c:\users\jumin\desktop\directx\debug\directx.ilk
c:\users\jumin\desktop\directx\debug\directx.exe
c:\users\jumin\desktop\directx\debug\directx.pdb
c:\users\김영호\downloads\shooting-game-master\shooting-game-master\directx\debug\vc141.pdb
c:\users\김영호\downloads\shooting-game-master\shooting-game-master\directx\debug\vc141.idb
c:\users\김영호\downloads\shooting-game-master\shooting-game-master\directx\debug\title.obj
c:\users\김영호\downloads\shooting-game-master\shooting-game-master\directx\debug\sidebar.obj
c:\users\김영호\downloads\shooting-game-master\shooting-game-master\directx\debug\player.obj
c:\users\김영호\downloads\shooting-game-master\shooting-game-master\directx\debug\main.obj
c:\users\김영호\downloads\shooting-game-master\shooting-game-master\directx\debug\item.obj
c:\users\김영호\downloads\shooting-game-master\shooting-game-master\directx\debug\inputmgr.obj
c:\users\김영호\downloads\shooting-game-master\shooting-game-master\directx\debug\hp.obj
c:\users\김영호\downloads\shooting-game-master\shooting-game-master\directx\debug\gameover.obj
c:\users\김영호\downloads\shooting-game-master\shooting-game-master\directx\debug\game.obj
c:\users\김영호\downloads\shooting-game-master\shooting-game-master\directx\debug\enemy.obj
c:\users\김영호\downloads\shooting-game-master\shooting-game-master\directx\debug\ebullet.obj
c:\users\김영호\downloads\shooting-game-master\shooting-game-master\directx\debug\d3d.obj
c:\users\김영호\downloads\shooting-game-master\shooting-game-master\directx\debug\bullet.obj
c:\users\김영호\downloads\shooting-game-master\shooting-game-master\directx\debug\boss.obj
c:\users\김영호\downloads\shooting-game-master\shooting-game-master\directx\debug\score.obj
c:\users\김영호\downloads\shooting-game-master\shooting-game-master\directx\debug\ability.obj
c:\users\김영호\downloads\shooting-game-master\shooting-game-master\directx\debug\stage1.obj
c:\users\김영호\downloads\shooting-game-master\shooting-game-master\directx\debug\cl.command.1.tlog
c:\users\김영호\downloads\shooting-game-master\shooting-game-master\directx\debug\cl.read.1.tlog
c:\users\김영호\downloads\shooting-game-master\shooting-game-master\directx\debug\cl.write.1.tlog
c:\users\김영호\downloads\shooting-game-master\shooting-game-master\directx\debug\link-cvtres.read.1.tlog
c:\users\김영호\downloads\shooting-game-master\shooting-game-master\directx\debug\link-cvtres.write.1.tlog
c:\users\김영호\downloads\shooting-game-master\shooting-game-master\directx\debug\link-rc.read.1.tlog
c:\users\김영호\downloads\shooting-game-master\shooting-game-master\directx\debug\link-rc.write.1.tlog
c:\users\김영호\downloads\shooting-game-master\shooting-game-master\directx\debug\link.10116-cvtres.read.1.tlog
c:\users\김영호\downloads\shooting-game-master\shooting-game-master\directx\debug\link.10116-cvtres.write.1.tlog
c:\users\김영호\downloads\shooting-game-master\shooting-game-master\directx\debug\link.10116-rc.read.1.tlog
c:\users\김영호\downloads\shooting-game-master\shooting-game-master\directx\debug\link.10116-rc.write.1.tlog
c:\users\김영호\downloads\shooting-game-master\shooting-game-master\directx\debug\link.10116.read.1.tlog
c:\users\김영호\downloads\shooting-game-master\shooting-game-master\directx\debug\link.10116.write.1.tlog
c:\users\김영호\downloads\shooting-game-master\shooting-game-master\directx\debug\link.10120-cvtres.read.1.tlog
c:\users\김영호\downloads\shooting-game-master\shooting-game-master\directx\debug\link.10120-cvtres.write.1.tlog
c:\users\김영호\downloads\shooting-game-master\shooting-game-master\directx\debug\link.10120-rc.read.1.tlog
c:\users\김영호\downloads\shooting-game-master\shooting-game-master\directx\debug\link.10120-rc.write.1.tlog
c:\users\김영호\downloads\shooting-game-master\shooting-game-master\directx\debug\link.10120.read.1.tlog
c:\users\김영호\downloads\shooting-game-master\shooting-game-master\directx\debug\link.10120.write.1.tlog
c:\users\김영호\downloads\shooting-game-master\shooting-game-master\directx\debug\link.10232-cvtres.read.1.tlog
c:\users\김영호\downloads\shooting-game-master\shooting-game-master\directx\debug\link.10232-cvtres.write.1.tlog
c:\users\김영호\downloads\shooting-game-master\shooting-game-master\directx\debug\link.10232-rc.read.1.tlog
c:\users\김영호\downloads\shooting-game-master\shooting-game-master\directx\debug\link.10232-rc.write.1.tlog
c:\users\김영호\downloads\shooting-game-master\shooting-game-master\directx\debug\link.10232.read.1.tlog
c:\users\김영호\downloads\shooting-game-master\shooting-game-master\directx\debug\link.10232.write.1.tlog
c:\users\김영호\downloads\shooting-game-master\shooting-game-master\directx\debug\link.10528-cvtres.read.1.tlog
c:\users\김영호\downloads\shooting-game-master\shooting-game-master\directx\debug\link.10528-cvtres.write.1.tlog
c:\users\김영호\downloads\shooting-game-master\shooting-game-master\directx\debug\link.10528-rc.read.1.tlog
c:\users\김영호\downloads\shooting-game-master\shooting-game-master\directx\debug\link.10528-rc.write.1.tlog
c:\users\김영호\downloads\shooting-game-master\shooting-game-master\directx\debug\link.10528.read.1.tlog
c:\users\김영호\downloads\shooting-game-master\shooting-game-master\directx\debug\link.10528.write.1.tlog
c:\users\김영호\downloads\shooting-game-master\shooting-game-master\directx\debug\link.10548-cvtres.read.1.tlog
c:\users\김영호\downloads\shooting-game-master\shooting-game-master\directx\debug\link.10548-cvtres.write.1.tlog
c:\users\김영호\downloads\shooting-game-master\shooting-game-master\directx\debug\link.10548-rc.read.1.tlog
c:\users\김영호\downloads\shooting-game-master\shooting-game-master\directx\debug\link.10548-rc.write.1.tlog
c:\users\김영호\downloads\shooting-game-master\shooting-game-master\directx\debug\link.10548.read.1.tlog
c:\users\김영호\downloads\shooting-game-master\shooting-game-master\directx\debug\link.10548.write.1.tlog
c:\users\김영호\downloads\shooting-game-master\shooting-game-master\directx\debug\link.10576-cvtres.read.1.tlog
c:\users\김영호\downloads\shooting-game-master\shooting-game-master\directx\debug\link.10576-cvtres.write.1.tlog
c:\users\김영호\downloads\shooting-game-master\shooting-game-master\directx\debug\link.10576-rc.read.1.tlog
c:\users\김영호\downloads\shooting-game-master\shooting-game-master\directx\debug\link.10576-rc.write.1.tlog
c:\users\김영호\downloads\shooting-game-master\shooting-game-master\directx\debug\link.10576.read.1.tlog
c:\users\김영호\downloads\shooting-game-master\shooting-game-master\directx\debug\link.10576.write.1.tlog
c:\users\김영호\downloads\shooting-game-master\shooting-game-master\directx\debug\link.10804-cvtres.read.1.tlog
c:\users\김영호\downloads\shooting-game-master\shooting-game-master\directx\debug\link.10804-cvtres.write.1.tlog
c:\users\김영호\downloads\shooting-game-master\shooting-game-master\directx\debug\link.10804-rc.read.1.tlog
c:\users\김영호\downloads\shooting-game-master\shooting-game-master\directx\debug\link.10804-rc.write.1.tlog
c:\users\김영호\downloads\shooting-game-master\shooting-game-master\directx\debug\link.10804.read.1.tlog
c:\users\김영호\downloads\shooting-game-master\shooting-game-master\directx\debug\link.10804.write.1.tlog
c:\users\김영호\downloads\shooting-game-master\shooting-game-master\directx\debug\link.10808-cvtres.read.1.tlog
c:\users\김영호\downloads\shooting-game-master\shooting-game-master\directx\debug\link.10808-cvtres.write.1.tlog
c:\users\김영호\downloads\shooting-game-master\shooting-game-master\directx\debug\link.10808-rc.read.1.tlog
c:\users\김영호\downloads\shooting-game-master\shooting-game-master\directx\debug\link.10808-rc.write.1.tlog
c:\users\김영호\downloads\shooting-game-master\shooting-game-master\directx\debug\link.10808.read.1.tlog
c:\users\김영호\downloads\shooting-game-master\shooting-game-master\directx\debug\link.10808.write.1.tlog
c:\users\김영호\downloads\shooting-game-master\shooting-game-master\directx\debug\link.11512-cvtres.read.1.tlog
c:\users\김영호\downloads\shooting-game-master\shooting-game-master\directx\debug\link.11512-cvtres.write.1.tlog
c:\users\김영호\downloads\shooting-game-master\shooting-game-master\directx\debug\link.11512-rc.read.1.tlog
c:\users\김영호\downloads\shooting-game-master\shooting-game-master\directx\debug\link.11512-rc.write.1.tlog
c:\users\김영호\downloads\shooting-game-master\shooting-game-master\directx\debug\link.11512.read.1.tlog
c:\users\김영호\downloads\shooting-game-master\shooting-game-master\directx\debug\link.11512.write.1.tlog
c:\users\김영호\downloads\shooting-game-master\shooting-game-master\directx\debug\link.11724-cvtres.read.1.tlog
c:\users\김영호\downloads\shooting-game-master\shooting-game-master\directx\debug\link.11724-cvtres.write.1.tlog
c:\users\김영호\downloads\shooting-game-master\shooting-game-master\directx\debug\link.11724-rc.read.1.tlog
c:\users\김영호\downloads\shooting-game-master\shooting-game-master\directx\debug\link.11724-rc.write.1.tlog
c:\users\김영호\downloads\shooting-game-master\shooting-game-master\directx\debug\link.11724.read.1.tlog
c:\users\김영호\downloads\shooting-game-master\shooting-game-master\directx\debug\link.11724.write.1.tlog
c:\users\김영호\downloads\shooting-game-master\shooting-game-master\directx\debug\link.12100-cvtres.read.1.tlog
c:\users\김영호\downloads\shooting-game-master\shooting-game-master\directx\debug\link.12100-cvtres.write.1.tlog
c:\users\김영호\downloads\shooting-game-master\shooting-game-master\directx\debug\link.12100-rc.read.1.tlog
c:\users\김영호\downloads\shooting-game-master\shooting-game-master\directx\debug\link.12100-rc.write.1.tlog
c:\users\김영호\downloads\shooting-game-master\shooting-game-master\directx\debug\link.12100.read.1.tlog
c:\users\김영호\downloads\shooting-game-master\shooting-game-master\directx\debug\link.12100.write.1.tlog
c:\users\김영호\downloads\shooting-game-master\shooting-game-master\directx\debug\link.12268-cvtres.read.1.tlog
c:\users\김영호\downloads\shooting-game-master\shooting-game-master\directx\debug\link.12268-cvtres.write.1.tlog
c:\users\김영호\downloads\shooting-game-master\shooting-game-master\directx\debug\link.12268-rc.read.1.tlog
c:\users\김영호\downloads\shooting-game-master\shooting-game-master\directx\debug\link.12268-rc.write.1.tlog
c:\users\김영호\downloads\shooting-game-master\shooting-game-master\directx\debug\link.12268.read.1.tlog
c:\users\김영호\downloads\shooting-game-master\shooting-game-master\directx\debug\link.12268.write.1.tlog
c:\users\김영호\downloads\shooting-game-master\shooting-game-master\directx\debug\link.12736-cvtres.read.1.tlog
c:\users\김영호\downloads\shooting-game-master\shooting-game-master\directx\debug\link.12736-cvtres.write.1.tlog
c:\users\김영호\downloads\shooting-game-master\shooting-game-master\directx\debug\link.12736-rc.read.1.tlog
c:\users\김영호\downloads\shooting-game-master\shooting-game-master\directx\debug\link.12736-rc.write.1.tlog
c:\users\김영호\downloads\shooting-game-master\shooting-game-master\directx\debug\link.12736.read.1.tlog
c:\users\김영호\downloads\shooting-game-master\shooting-game-master\directx\debug\link.12736.write.1.tlog
c:\users\김영호\downloads\shooting-game-master\shooting-game-master\directx\debug\link.12852-cvtres.read.1.tlog
c:\users\김영호\downloads\shooting-game-master\shooting-game-master\directx\debug\link.12852-cvtres.write.1.tlog
c:\users\김영호\downloads\shooting-game-master\shooting-game-master\directx\debug\link.12852-rc.read.1.tlog
c:\users\김영호\downloads\shooting-game-master\shooting-game-master\directx\debug\link.12852-rc.write.1.tlog
c:\users\김영호\downloads\shooting-game-master\shooting-game-master\directx\debug\link.12852.read.1.tlog
c:\users\김영호\downloads\shooting-game-master\shooting-game-master\directx\debug\link.12852.write.1.tlog
c:\users\김영호\downloads\shooting-game-master\shooting-game-master\directx\debug\link.1292-cvtres.read.1.tlog
c:\users\김영호\downloads\shooting-game-master\shooting-game-master\directx\debug\link.1292-cvtres.write.1.tlog
c:\users\김영호\downloads\shooting-game-master\shooting-game-master\directx\debug\link.1292-rc.read.1.tlog
c:\users\김영호\downloads\shooting-game-master\shooting-game-master\directx\debug\link.1292-rc.write.1.tlog
c:\users\김영호\downloads\shooting-game-master\shooting-game-master\directx\debug\link.1292.read.1.tlog
c:\users\김영호\downloads\shooting-game-master\shooting-game-master\directx\debug\link.1292.write.1.tlog
c:\users\김영호\downloads\shooting-game-master\shooting-game-master\directx\debug\link.13640-cvtres.read.1.tlog
c:\users\김영호\downloads\shooting-game-master\shooting-game-master\directx\debug\link.13640-cvtres.write.1.tlog
c:\users\김영호\downloads\shooting-game-master\shooting-game-master\directx\debug\link.13640-rc.read.1.tlog
c:\users\김영호\downloads\shooting-game-master\shooting-game-master\directx\debug\link.13640-rc.write.1.tlog
c:\users\김영호\downloads\shooting-game-master\shooting-game-master\directx\debug\link.13640.read.1.tlog
c:\users\김영호\downloads\shooting-game-master\shooting-game-master\directx\debug\link.13640.write.1.tlog
c:\users\김영호\downloads\shooting-game-master\shooting-game-master\directx\debug\link.14316-cvtres.read.1.tlog
c:\users\김영호\downloads\shooting-game-master\shooting-game-master\directx\debug\link.14316-cvtres.write.1.tlog
c:\users\김영호\downloads\shooting-game-master\shooting-game-master\directx\debug\link.14316-rc.read.1.tlog
c:\users\김영호\downloads\shooting-game-master\shooting-game-master\directx\debug\link.14316-rc.write.1.tlog
c:\users\김영호\downloads\shooting-game-master\shooting-game-master\directx\debug\link.14316.read.1.tlog
c:\users\김영호\downloads\shooting-game-master\shooting-game-master\directx\debug\link.14316.write.1.tlog
c:\users\김영호\downloads\shooting-game-master\shooting-game-master\directx\debug\link.14484-cvtres.read.1.tlog
c:\users\김영호\downloads\shooting-game-master\shooting-game-master\directx\debug\link.14484-cvtres.write.1.tlog
c:\users\김영호\downloads\shooting-game-master\shooting-game-master\directx\debug\link.14484-rc.read.1.tlog
c:\users\김영호\downloads\shooting-game-master\shooting-game-master\directx\debug\link.14484-rc.write.1.tlog
c:\users\김영호\downloads\shooting-game-master\shooting-game-master\directx\debug\link.14484.read.1.tlog
c:\users\김영호\downloads\shooting-game-master\shooting-game-master\directx\debug\link.14484.write.1.tlog
c:\users\김영호\downloads\shooting-game-master\shooting-game-master\directx\debug\link.1900-cvtres.read.1.tlog
c:\users\김영호\downloads\shooting-game-master\shooting-game-master\directx\debug\link.1900-cvtres.write.1.tlog
c:\users\김영호\downloads\shooting-game-master\shooting-game-master\directx\debug\link.1900-rc.read.1.tlog
c:\users\김영호\downloads\shooting-game-master\shooting-game-master\directx\debug\link.1900-rc.write.1.tlog
c:\users\김영호\downloads\shooting-game-master\shooting-game-master\directx\debug\link.1900.read.1.tlog
c:\users\김영호\downloads\shooting-game-master\shooting-game-master\directx\debug\link.1900.write.1.tlog
c:\users\김영호\downloads\shooting-game-master\shooting-game-master\directx\debug\link.2360-cvtres.read.1.tlog
c:\users\김영호\downloads\shooting-game-master\shooting-game-master\directx\debug\link.2360-cvtres.write.1.tlog
c:\users\김영호\downloads\shooting-game-master\shooting-game-master\directx\debug\link.2360-rc.read.1.tlog
c:\users\김영호\downloads\shooting-game-master\shooting-game-master\directx\debug\link.2360-rc.write.1.tlog
c:\users\김영호\downloads\shooting-game-master\shooting-game-master\directx\debug\link.2360.read.1.tlog
c:\users\김영호\downloads\shooting-game-master\shooting-game-master\directx\debug\link.2360.write.1.tlog
c:\users\김영호\downloads\shooting-game-master\shooting-game-master\directx\debug\link.2432-cvtres.read.1.tlog
c:\users\김영호\downloads\shooting-game-master\shooting-game-master\directx\debug\link.2432-cvtres.write.1.tlog
c:\users\김영호\downloads\shooting-game-master\shooting-game-master\directx\debug\link.2432-rc.read.1.tlog
c:\users\김영호\downloads\shooting-game-master\shooting-game-master\directx\debug\link.2432-rc.write.1.tlog
c:\users\김영호\downloads\shooting-game-master\shooting-game-master\directx\debug\link.2432.read.1.tlog
c:\users\김영호\downloads\shooting-game-master\shooting-game-master\directx\debug\link.2432.write.1.tlog
c:\users\김영호\downloads\shooting-game-master\shooting-game-master\directx\debug\link.2632-cvtres.read.1.tlog
c:\users\김영호\downloads\shooting-game-master\shooting-game-master\directx\debug\link.2632-cvtres.write.1.tlog
c:\users\김영호\downloads\shooting-game-master\shooting-game-master\directx\debug\link.2632-rc.read.1.tlog
c:\users\김영호\downloads\shooting-game-master\shooting-game-master\directx\debug\link.2632-rc.write.1.tlog
c:\users\김영호\downloads\shooting-game-master\shooting-game-master\directx\debug\link.2632.read.1.tlog
c:\users\김영호\downloads\shooting-game-master\shooting-game-master\directx\debug\link.2632.write.1.tlog
c:\users\김영호\downloads\shooting-game-master\shooting-game-master\directx\debug\link.3316-cvtres.read.1.tlog
c:\users\김영호\downloads\shooting-game-master\shooting-game-master\directx\debug\link.3316-cvtres.write.1.tlog
c:\users\김영호\downloads\shooting-game-master\shooting-game-master\directx\debug\link.3316-rc.read.1.tlog
c:\users\김영호\downloads\shooting-game-master\shooting-game-master\directx\debug\link.3316-rc.write.1.tlog
c:\users\김영호\downloads\shooting-game-master\shooting-game-master\directx\debug\link.3316.read.1.tlog
c:\users\김영호\downloads\shooting-game-master\shooting-game-master\directx\debug\link.3316.write.1.tlog
c:\users\김영호\downloads\shooting-game-master\shooting-game-master\directx\debug\link.3364-cvtres.read.1.tlog
c:\users\김영호\downloads\shooting-game-master\shooting-game-master\directx\debug\link.3364-cvtres.write.1.tlog
c:\users\김영호\downloads\shooting-game-master\shooting-game-master\directx\debug\link.3364-rc.read.1.tlog
c:\users\김영호\downloads\shooting-game-master\shooting-game-master\directx\debug\link.3364-rc.write.1.tlog
c:\users\김영호\downloads\shooting-game-master\shooting-game-master\directx\debug\link.3364.read.1.tlog
c:\users\김영호\downloads\shooting-game-master\shooting-game-master\directx\debug\link.3364.write.1.tlog
c:\users\김영호\downloads\shooting-game-master\shooting-game-master\directx\debug\link.3984-cvtres.read.1.tlog
c:\users\김영호\downloads\shooting-game-master\shooting-game-master\directx\debug\link.3984-cvtres.write.1.tlog
c:\users\김영호\downloads\shooting-game-master\shooting-game-master\directx\debug\link.3984-rc.read.1.tlog
c:\users\김영호\downloads\shooting-game-master\shooting-game-master\directx\debug\link.3984-rc.write.1.tlog
c:\users\김영호\downloads\shooting-game-master\shooting-game-master\directx\debug\link.3984.read.1.tlog
c:\users\김영호\downloads\shooting-game-master\shooting-game-master\directx\debug\link.3984.write.1.tlog
c:\users\김영호\downloads\shooting-game-master\shooting-game-master\directx\debug\link.4088-cvtres.read.1.tlog
c:\users\김영호\downloads\shooting-game-master\shooting-game-master\directx\debug\link.4088-cvtres.write.1.tlog
c:\users\김영호\downloads\shooting-game-master\shooting-game-master\directx\debug\link.4088-rc.read.1.tlog
c:\users\김영호\downloads\shooting-game-master\shooting-game-master\directx\debug\link.4088-rc.write.1.tlog
c:\users\김영호\downloads\shooting-game-master\shooting-game-master\directx\debug\link.4088.read.1.tlog
c:\users\김영호\downloads\shooting-game-master\shooting-game-master\directx\debug\link.4088.write.1.tlog
c:\users\김영호\downloads\shooting-game-master\shooting-game-master\directx\debug\link.4328-cvtres.read.1.tlog
c:\users\김영호\downloads\shooting-game-master\shooting-game-master\directx\debug\link.4328-cvtres.write.1.tlog
c:\users\김영호\downloads\shooting-game-master\shooting-game-master\directx\debug\link.4328-rc.read.1.tlog
c:\users\김영호\downloads\shooting-game-master\shooting-game-master\directx\debug\link.4328-rc.write.1.tlog
c:\users\김영호\downloads\shooting-game-master\shooting-game-master\directx\debug\link.4328.read.1.tlog
c:\users\김영호\downloads\shooting-game-master\shooting-game-master\directx\debug\link.4328.write.1.tlog
c:\users\김영호\downloads\shooting-game-master\shooting-game-master\directx\debug\link.444-cvtres.read.1.tlog
c:\users\김영호\downloads\shooting-game-master\shooting-game-master\directx\debug\link.444-cvtres.write.1.tlog
c:\users\김영호\downloads\shooting-game-master\shooting-game-master\directx\debug\link.444-rc.read.1.tlog
c:\users\김영호\downloads\shooting-game-master\shooting-game-master\directx\debug\link.444-rc.write.1.tlog
c:\users\김영호\downloads\shooting-game-master\shooting-game-master\directx\debug\link.444.read.1.tlog
c:\users\김영호\downloads\shooting-game-master\shooting-game-master\directx\debug\link.444.write.1.tlog
c:\users\김영호\downloads\shooting-game-master\shooting-game-master\directx\debug\link.4820-cvtres.read.1.tlog
c:\users\김영호\downloads\shooting-game-master\shooting-game-master\directx\debug\link.4820-cvtres.write.1.tlog
c:\users\김영호\downloads\shooting-game-master\shooting-game-master\directx\debug\link.4820-rc.read.1.tlog
c:\users\김영호\downloads\shooting-game-master\shooting-game-master\directx\debug\link.4820-rc.write.1.tlog
c:\users\김영호\downloads\shooting-game-master\shooting-game-master\directx\debug\link.4820.read.1.tlog
c:\users\김영호\downloads\shooting-game-master\shooting-game-master\directx\debug\link.4820.write.1.tlog
c:\users\김영호\downloads\shooting-game-master\shooting-game-master\directx\debug\link.4828-cvtres.read.1.tlog
c:\users\김영호\downloads\shooting-game-master\shooting-game-master\directx\debug\link.4828-cvtres.write.1.tlog
c:\users\김영호\downloads\shooting-game-master\shooting-game-master\directx\debug\link.4828-rc.read.1.tlog
c:\users\김영호\downloads\shooting-game-master\shooting-game-master\directx\debug\link.4828-rc.write.1.tlog
c:\users\김영호\downloads\shooting-game-master\shooting-game-master\directx\debug\link.4828.read.1.tlog
c:\users\김영호\downloads\shooting-game-master\shooting-game-master\directx\debug\link.4828.write.1.tlog
c:\users\김영호\downloads\shooting-game-master\shooting-game-master\directx\debug\link.5116-cvtres.read.1.tlog
c:\users\김영호\downloads\shooting-game-master\shooting-game-master\directx\debug\link.5116-cvtres.write.1.tlog
c:\users\김영호\downloads\shooting-game-master\shooting-game-master\directx\debug\link.5116-rc.read.1.tlog
c:\users\김영호\downloads\shooting-game-master\shooting-game-master\directx\debug\link.5116-rc.write.1.tlog
c:\users\김영호\downloads\shooting-game-master\shooting-game-master\directx\debug\link.5116.read.1.tlog
c:\users\김영호\downloads\shooting-game-master\shooting-game-master\directx\debug\link.5116.write.1.tlog
c:\users\김영호\downloads\shooting-game-master\shooting-game-master\directx\debug\link.5364-cvtres.read.1.tlog
c:\users\김영호\downloads\shooting-game-master\shooting-game-master\directx\debug\link.5364-cvtres.write.1.tlog
c:\users\김영호\downloads\shooting-game-master\shooting-game-master\directx\debug\link.5364-rc.read.1.tlog
c:\users\김영호\downloads\shooting-game-master\shooting-game-master\directx\debug\link.5364-rc.write.1.tlog
c:\users\김영호\downloads\shooting-game-master\shooting-game-master\directx\debug\link.5364.read.1.tlog
c:\users\김영호\downloads\shooting-game-master\shooting-game-master\directx\debug\link.5364.write.1.tlog
c:\users\김영호\downloads\shooting-game-master\shooting-game-master\directx\debug\link.5496-cvtres.read.1.tlog
c:\users\김영호\downloads\shooting-game-master\shooting-game-master\directx\debug\link.5496-cvtres.write.1.tlog
c:\users\김영호\downloads\shooting-game-master\shooting-game-master\directx\debug\link.5496-rc.read.1.tlog
c:\users\김영호\downloads\shooting-game-master\shooting-game-master\directx\debug\link.5496-rc.write.1.tlog
c:\users\김영호\downloads\shooting-game-master\shooting-game-master\directx\debug\link.5496.read.1.tlog
c:\users\김영호\downloads\shooting-game-master\shooting-game-master\directx\debug\link.5496.write.1.tlog
c:\users\김영호\downloads\shooting-game-master\shooting-game-master\directx\debug\link.5516-cvtres.read.1.tlog
c:\users\김영호\downloads\shooting-game-master\shooting-game-master\directx\debug\link.5516-cvtres.write.1.tlog
c:\users\김영호\downloads\shooting-game-master\shooting-game-master\directx\debug\link.5516-rc.read.1.tlog
c:\users\김영호\downloads\shooting-game-master\shooting-game-master\directx\debug\link.5516-rc.write.1.tlog
c:\users\김영호\downloads\shooting-game-master\shooting-game-master\directx\debug\link.5516.read.1.tlog
c:\users\김영호\downloads\shooting-game-master\shooting-game-master\directx\debug\link.5516.write.1.tlog
c:\users\김영호\downloads\shooting-game-master\shooting-game-master\directx\debug\link.5692-cvtres.read.1.tlog
c:\users\김영호\downloads\shooting-game-master\shooting-game-master\directx\debug\link.5692-cvtres.write.1.tlog
c:\users\김영호\downloads\shooting-game-master\shooting-game-master\directx\debug\link.5692-rc.read.1.tlog
c:\users\김영호\downloads\shooting-game-master\shooting-game-master\directx\debug\link.5692-rc.write.1.tlog
c:\users\김영호\downloads\shooting-game-master\shooting-game-master\directx\debug\link.5692.read.1.tlog
c:\users\김영호\downloads\shooting-game-master\shooting-game-master\directx\debug\link.5692.write.1.tlog
c:\users\김영호\downloads\shooting-game-master\shooting-game-master\directx\debug\link.6228-cvtres.read.1.tlog
c:\users\김영호\downloads\shooting-game-master\shooting-game-master\directx\debug\link.6228-cvtres.write.1.tlog
c:\users\김영호\downloads\shooting-game-master\shooting-game-master\directx\debug\link.6228-rc.read.1.tlog
c:\users\김영호\downloads\shooting-game-master\shooting-game-master\directx\debug\link.6228-rc.write.1.tlog
c:\users\김영호\downloads\shooting-game-master\shooting-game-master\directx\debug\link.6228.read.1.tlog
c:\users\김영호\downloads\shooting-game-master\shooting-game-master\directx\debug\link.6228.write.1.tlog
c:\users\김영호\downloads\shooting-game-master\shooting-game-master\directx\debug\link.648-cvtres.read.1.tlog
c:\users\김영호\downloads\shooting-game-master\shooting-game-master\directx\debug\link.648-cvtres.write.1.tlog
c:\users\김영호\downloads\shooting-game-master\shooting-game-master\directx\debug\link.648-rc.read.1.tlog
c:\users\김영호\downloads\shooting-game-master\shooting-game-master\directx\debug\link.648-rc.write.1.tlog
c:\users\김영호\downloads\shooting-game-master\shooting-game-master\directx\debug\link.648.read.1.tlog
c:\users\김영호\downloads\shooting-game-master\shooting-game-master\directx\debug\link.648.write.1.tlog
c:\users\김영호\downloads\shooting-game-master\shooting-game-master\directx\debug\link.7144-cvtres.read.1.tlog
c:\users\김영호\downloads\shooting-game-master\shooting-game-master\directx\debug\link.7144-cvtres.write.1.tlog
c:\users\김영호\downloads\shooting-game-master\shooting-game-master\directx\debug\link.7144-rc.read.1.tlog
c:\users\김영호\downloads\shooting-game-master\shooting-game-master\directx\debug\link.7144-rc.write.1.tlog
c:\users\김영호\downloads\shooting-game-master\shooting-game-master\directx\debug\link.7144.read.1.tlog
c:\users\김영호\downloads\shooting-game-master\shooting-game-master\directx\debug\link.7144.write.1.tlog
c:\users\김영호\downloads\shooting-game-master\shooting-game-master\directx\debug\link.7340-cvtres.read.1.tlog
c:\users\김영호\downloads\shooting-game-master\shooting-game-master\directx\debug\link.7340-cvtres.write.1.tlog
c:\users\김영호\downloads\shooting-game-master\shooting-game-master\directx\debug\link.7340-rc.read.1.tlog
c:\users\김영호\downloads\shooting-game-master\shooting-game-master\directx\debug\link.7340-rc.write.1.tlog
c:\users\김영호\downloads\shooting-game-master\shooting-game-master\directx\debug\link.7340.read.1.tlog
c:\users\김영호\downloads\shooting-game-master\shooting-game-master\directx\debug\link.7340.write.1.tlog
c:\users\김영호\downloads\shooting-game-master\shooting-game-master\directx\debug\link.7732-cvtres.read.1.tlog
c:\users\김영호\downloads\shooting-game-master\shooting-game-master\directx\debug\link.7732-cvtres.write.1.tlog
c:\users\김영호\downloads\shooting-game-master\shooting-game-master\directx\debug\link.7732-rc.read.1.tlog
c:\users\김영호\downloads\shooting-game-master\shooting-game-master\directx\debug\link.7732-rc.write.1.tlog
c:\users\김영호\downloads\shooting-game-master\shooting-game-master\directx\debug\link.7732.read.1.tlog
c:\users\김영호\downloads\shooting-game-master\shooting-game-master\directx\debug\link.7732.write.1.tlog
c:\users\김영호\downloads\shooting-game-master\shooting-game-master\directx\debug\link.8024-cvtres.read.1.tlog
c:\users\김영호\downloads\shooting-game-master\shooting-game-master\directx\debug\link.8024-cvtres.write.1.tlog
c:\users\김영호\downloads\shooting-game-master\shooting-game-master\directx\debug\link.8024-rc.read.1.tlog
c:\users\김영호\downloads\shooting-game-master\shooting-game-master\directx\debug\link.8024-rc.write.1.tlog
c:\users\김영호\downloads\shooting-game-master\shooting-game-master\directx\debug\link.8024.read.1.tlog
c:\users\김영호\downloads\shooting-game-master\shooting-game-master\directx\debug\link.8024.write.1.tlog
c:\users\김영호\downloads\shooting-game-master\shooting-game-master\directx\debug\link.8076-cvtres.read.1.tlog
c:\users\김영호\downloads\shooting-game-master\shooting-game-master\directx\debug\link.8076-cvtres.write.1.tlog
c:\users\김영호\downloads\shooting-game-master\shooting-game-master\directx\debug\link.8076-rc.read.1.tlog
c:\users\김영호\downloads\shooting-game-master\shooting-game-master\directx\debug\link.8076-rc.write.1.tlog
c:\users\김영호\downloads\shooting-game-master\shooting-game-master\directx\debug\link.8076.read.1.tlog
c:\users\김영호\downloads\shooting-game-master\shooting-game-master\directx\debug\link.8076.write.1.tlog
c:\users\김영호\downloads\shooting-game-master\shooting-game-master\directx\debug\link.8364-cvtres.read.1.tlog
c:\users\김영호\downloads\shooting-game-master\shooting-game-master\directx\debug\link.8364-cvtres.write.1.tlog
c:\users\김영호\downloads\shooting-game-master\shooting-game-master\directx\debug\link.8364-rc.read.1.tlog
c:\users\김영호\downloads\shooting-game-master\shooting-game-master\directx\debug\link.8364-rc.write.1.tlog
c:\users\김영호\downloads\shooting-game-master\shooting-game-master\directx\debug\link.8364.read.1.tlog
c:\users\김영호\downloads\shooting-game-master\shooting-game-master\directx\debug\link.8364.write.1.tlog
c:\users\김영호\downloads\shooting-game-master\shooting-game-master\directx\debug\link.8524-cvtres.read.1.tlog
c:\users\김영호\downloads\shooting-game-master\shooting-game-master\directx\debug\link.8524-cvtres.write.1.tlog
c:\users\김영호\downloads\shooting-game-master\shooting-game-master\directx\debug\link.8524-rc.read.1.tlog
c:\users\김영호\downloads\shooting-game-master\shooting-game-master\directx\debug\link.8524-rc.write.1.tlog
c:\users\김영호\downloads\shooting-game-master\shooting-game-master\directx\debug\link.8524.read.1.tlog
c:\users\김영호\downloads\shooting-game-master\shooting-game-master\directx\debug\link.8524.write.1.tlog
c:\users\김영호\downloads\shooting-game-master\shooting-game-master\directx\debug\link.8584-cvtres.read.1.tlog
c:\users\김영호\downloads\shooting-game-master\shooting-game-master\directx\debug\link.8584-cvtres.write.1.tlog
c:\users\김영호\downloads\shooting-game-master\shooting-game-master\directx\debug\link.8584-rc.read.1.tlog
c:\users\김영호\downloads\shooting-game-master\shooting-game-master\directx\debug\link.8584-rc.write.1.tlog
c:\users\김영호\downloads\shooting-game-master\shooting-game-master\directx\debug\link.8584.read.1.tlog
c:\users\김영호\downloads\shooting-game-master\shooting-game-master\directx\debug\link.8584.write.1.tlog
c:\users\김영호\downloads\shooting-game-master\shooting-game-master\directx\debug\link.8872-cvtres.read.1.tlog
c:\users\김영호\downloads\shooting-game-master\shooting-game-master\directx\debug\link.8872-cvtres.write.1.tlog
c:\users\김영호\downloads\shooting-game-master\shooting-game-master\directx\debug\link.8872-rc.read.1.tlog
c:\users\김영호\downloads\shooting-game-master\shooting-game-master\directx\debug\link.8872-rc.write.1.tlog
c:\users\김영호\downloads\shooting-game-master\shooting-game-master\directx\debug\link.8872.read.1.tlog
c:\users\김영호\downloads\shooting-game-master\shooting-game-master\directx\debug\link.8872.write.1.tlog
c:\users\김영호\downloads\shooting-game-master\shooting-game-master\directx\debug\link.9144-cvtres.read.1.tlog
c:\users\김영호\downloads\shooting-game-master\shooting-game-master\directx\debug\link.9144-cvtres.write.1.tlog
c:\users\김영호\downloads\shooting-game-master\shooting-game-master\directx\debug\link.9144-rc.read.1.tlog
c:\users\김영호\downloads\shooting-game-master\shooting-game-master\directx\debug\link.9144-rc.write.1.tlog
c:\users\김영호\downloads\shooting-game-master\shooting-game-master\directx\debug\link.9144.read.1.tlog
c:\users\김영호\downloads\shooting-game-master\shooting-game-master\directx\debug\link.9144.write.1.tlog
c:\users\김영호\downloads\shooting-game-master\shooting-game-master\directx\debug\link.9308-cvtres.read.1.tlog
c:\users\김영호\downloads\shooting-game-master\shooting-game-master\directx\debug\link.9308-cvtres.write.1.tlog
c:\users\김영호\downloads\shooting-game-master\shooting-game-master\directx\debug\link.9308-rc.read.1.tlog
c:\users\김영호\downloads\shooting-game-master\shooting-game-master\directx\debug\link.9308-rc.write.1.tlog
c:\users\김영호\downloads\shooting-game-master\shooting-game-master\directx\debug\link.9308.read.1.tlog
c:\users\김영호\downloads\shooting-game-master\shooting-game-master\directx\debug\link.9308.write.1.tlog
c:\users\김영호\downloads\shooting-game-master\shooting-game-master\directx\debug\link.9360-cvtres.read.1.tlog
c:\users\김영호\downloads\shooting-game-master\shooting-game-master\directx\debug\link.9360-cvtres.write.1.tlog
c:\users\김영호\downloads\shooting-game-master\shooting-game-master\directx\debug\link.9360-rc.read.1.tlog
c:\users\김영호\downloads\shooting-game-master\shooting-game-master\directx\debug\link.9360-rc.write.1.tlog
c:\users\김영호\downloads\shooting-game-master\shooting-game-master\directx\debug\link.9360.read.1.tlog
c:\users\김영호\downloads\shooting-game-master\shooting-game-master\directx\debug\link.9360.write.1.tlog
c:\users\김영호\downloads\shooting-game-master\shooting-game-master\directx\debug\link.9664-cvtres.read.1.tlog
c:\users\김영호\downloads\shooting-game-master\shooting-game-master\directx\debug\link.9664-cvtres.write.1.tlog
c:\users\김영호\downloads\shooting-game-master\shooting-game-master\directx\debug\link.9664-rc.read.1.tlog
c:\users\김영호\downloads\shooting-game-master\shooting-game-master\directx\debug\link.9664-rc.write.1.tlog
c:\users\김영호\downloads\shooting-game-master\shooting-game-master\directx\debug\link.9664.read.1.tlog
c:\users\김영호\downloads\shooting-game-master\shooting-game-master\directx\debug\link.9664.write.1.tlog
c:\users\김영호\downloads\shooting-game-master\shooting-game-master\directx\debug\link.9728-cvtres.read.1.tlog
c:\users\김영호\downloads\shooting-game-master\shooting-game-master\directx\debug\link.9728-cvtres.write.1.tlog
c:\users\김영호\downloads\shooting-game-master\shooting-game-master\directx\debug\link.9728-rc.read.1.tlog
c:\users\김영호\downloads\shooting-game-master\shooting-game-master\directx\debug\link.9728-rc.write.1.tlog
c:\users\김영호\downloads\shooting-game-master\shooting-game-master\directx\debug\link.9728.read.1.tlog
c:\users\김영호\downloads\shooting-game-master\shooting-game-master\directx\debug\link.9728.write.1.tlog
c:\users\김영호\downloads\shooting-game-master\shooting-game-master\directx\debug\link.9828-cvtres.read.1.tlog
c:\users\김영호\downloads\shooting-game-master\shooting-game-master\directx\debug\link.9828-cvtres.write.1.tlog
c:\users\김영호\downloads\shooting-game-master\shooting-game-master\directx\debug\link.9828-rc.read.1.tlog
c:\users\김영호\downloads\shooting-game-master\shooting-game-master\directx\debug\link.9828-rc.write.1.tlog
c:\users\김영호\downloads\shooting-game-master\shooting-game-master\directx\debug\link.9828.read.1.tlog
c:\users\김영호\downloads\shooting-game-master\shooting-game-master\directx\debug\link.9828.write.1.tlog
c:\users\김영호\downloads\shooting-game-master\shooting-game-master\directx\debug\link.command.1.tlog
c:\users\김영호\downloads\shooting-game-master\shooting-game-master\directx\debug\link.read.1.tlog
c:\users\김영호\downloads\shooting-game-master\shooting-game-master\directx\debug\link.write.1.tlog
c:\users\김영호\downloads\shooting-game-master\shooting-game-master\directx\debug\vc110.idb
c:\users\김영호\downloads\shooting-game-master\shooting-game-master\directx\debug\vc110.pdb
c:\users\김영호\downloads\shooting-game-master\shooting-game-master\debug\directx.pdb
c:\users\김영호\downloads\shooting-game-master\shooting-game-master\directx\debug\directx.tlog\cl.command.1.tlog
c:\users\김영호\downloads\shooting-game-master\shooting-game-master\directx\debug\directx.tlog\cl.read.1.tlog
c:\users\김영호\downloads\shooting-game-master\shooting-game-master\directx\debug\directx.tlog\cl.write.1.tlog
c:\users\김영호\downloads\shooting-game-master\shooting-game-master\directx\debug\directx.tlog\link.command.1.tlog
c:\users\김영호\downloads\shooting-game-master\shooting-game-master\directx\debug\directx.tlog\link.read.1.tlog
c:\users\김영호\downloads\shooting-game-master\shooting-game-master\directx\debug\directx.tlog\link.read.2.tlog
c:\users\김영호\downloads\shooting-game-master\shooting-game-master\directx\debug\directx.tlog\link.write.1.tlog
